<?xml version="1.0" encoding="UTF-8"?>
<!-- Generated by org.testng.reporters.JUnitReportReporter -->
<testsuite hostname="LT075537" name="Example.NewTest" tests="1" failures="0" timestamp="27 Jan 2020 14:22:25 GMT" time="26.400" errors="0">
  <testcase name="testEasy" time="26.400" classname="Example.NewTest"/>
</testsuite> <!-- Example.NewTest -->
